[debug] [2021-11-01T17:59:54.732Z] ----------------------------------------------------------------------
[debug] [2021-11-01T17:59:54.736Z] Command:       C:\Program Files\nodejs\node.exe C:\Users\WELCOME\AppData\Roaming\npm\node_modules\firebase-tools\lib\bin\firebase.js init
[debug] [2021-11-01T17:59:54.737Z] CLI Version:   9.21.0
[debug] [2021-11-01T17:59:54.737Z] Platform:      win32
[debug] [2021-11-01T17:59:54.737Z] Node Version:  v14.18.0
[debug] [2021-11-01T17:59:54.741Z] Time:          Mon Nov 01 2021 10:59:54 GMT-0700 (Pacific Daylight Time)
[debug] [2021-11-01T17:59:54.742Z] ----------------------------------------------------------------------
[debug] 
[debug] [2021-11-01T17:59:54.754Z] > command requires scopes: ["email","openid","https://www.googleapis.com/auth/cloudplatformprojects.readonly","https://www.googleapis.com/auth/firebase","https://www.googleapis.com/auth/cloud-platform"]
[debug] [2021-11-01T17:59:54.755Z] > authorizing via signed-in user (tituroy4g@gmail.com)
[info] 
     ######## #### ########  ######## ########     ###     ######  ########
     ##        ##  ##     ## ##       ##     ##  ##   ##  ##       ##
     ######    ##  ########  ######   ########  #########  ######  ######
     ##        ##  ##    ##  ##       ##     ## ##     ##       ## ##
     ##       #### ##     ## ######## ########  ##     ##  ######  ########

You're about to initialize a Firebase project in this directory:

  C:\projects\assinment-11-food-delevery-web\assinment-11-food-delevery-web

Before we get started, keep in mind:

  * You are currently outside your home directory

